INFO:root:
Selector: High Level Ordering of Strategies
| Sequence: Cheese Plan
| | Check: check_cheese
| | Action: cheese
| Sequence: Enemy Overspreading Strategy
| | Check: check_enemy_forces
| | Action: over_spreading
| Sequence: Spread Strategy
| | Check: if_neutral_planet_available
| | Action: spread

DEBUG:root:Executing:Selector: High Level Ordering of Strategies
DEBUG:root:Executing:Sequence: Cheese Plan
DEBUG:root:Executing:Check: check_cheese
DEBUG:root:Result: Check: check_cheese -> Failure
DEBUG:root:Result: Sequence: Cheese Plan -> Failure
DEBUG:root:Executing:Sequence: Enemy Overspreading Strategy
DEBUG:root:Executing:Check: check_enemy_forces
DEBUG:root:Result: Check: check_enemy_forces -> Failure
DEBUG:root:Result: Sequence: Enemy Overspreading Strategy -> Failure
DEBUG:root:Executing:Sequence: Spread Strategy
DEBUG:root:Executing:Check: if_neutral_planet_available
DEBUG:root:Result: Check: if_neutral_planet_available -> Success
DEBUG:root:Executing:Action: spread
DEBUG:root:Result: Action: spread -> Failure
DEBUG:root:Result: Sequence: Spread Strategy -> Failure
DEBUG:root:Result: Selector: High Level Ordering of Strategies -> Failure
DEBUG:root:Finish turn

DEBUG:root:Executing:Selector: High Level Ordering of Strategies
DEBUG:root:Executing:Sequence: Cheese Plan
DEBUG:root:Executing:Check: check_cheese
DEBUG:root:Result: Check: check_cheese -> Failure
DEBUG:root:Result: Sequence: Cheese Plan -> Failure
DEBUG:root:Executing:Sequence: Enemy Overspreading Strategy
DEBUG:root:Executing:Check: check_enemy_forces
DEBUG:root:Result: Check: check_enemy_forces -> Success
DEBUG:root:Executing:Action: over_spreading
DEBUG:root:Order:1 9 21.0
DEBUG:root:Result: Action: over_spreading -> Failure
DEBUG:root:Result: Sequence: Enemy Overspreading Strategy -> Failure
DEBUG:root:Executing:Sequence: Spread Strategy
DEBUG:root:Executing:Check: if_neutral_planet_available
DEBUG:root:Result: Check: if_neutral_planet_available -> Success
DEBUG:root:Executing:Action: spread
DEBUG:root:Result: Action: spread -> Failure
DEBUG:root:Result: Sequence: Spread Strategy -> Failure
DEBUG:root:Result: Selector: High Level Ordering of Strategies -> Failure
DEBUG:root:Finish turn

DEBUG:root:Executing:Selector: High Level Ordering of Strategies
DEBUG:root:Executing:Sequence: Cheese Plan
DEBUG:root:Executing:Check: check_cheese
DEBUG:root:Result: Check: check_cheese -> Failure
DEBUG:root:Result: Sequence: Cheese Plan -> Failure
DEBUG:root:Executing:Sequence: Enemy Overspreading Strategy
DEBUG:root:Executing:Check: check_enemy_forces
DEBUG:root:Result: Check: check_enemy_forces -> Success
DEBUG:root:Executing:Action: over_spreading
DEBUG:root:Order:1 11 17.0
DEBUG:root:Result: Action: over_spreading -> Failure
DEBUG:root:Result: Sequence: Enemy Overspreading Strategy -> Failure
DEBUG:root:Executing:Sequence: Spread Strategy
DEBUG:root:Executing:Check: if_neutral_planet_available
DEBUG:root:Result: Check: if_neutral_planet_available -> Success
DEBUG:root:Executing:Action: spread
DEBUG:root:Result: Action: spread -> Failure
DEBUG:root:Result: Sequence: Spread Strategy -> Failure
DEBUG:root:Result: Selector: High Level Ordering of Strategies -> Failure
DEBUG:root:Finish turn

DEBUG:root:Executing:Selector: High Level Ordering of Strategies
DEBUG:root:Executing:Sequence: Cheese Plan
DEBUG:root:Executing:Check: check_cheese
DEBUG:root:Result: Check: check_cheese -> Failure
DEBUG:root:Result: Sequence: Cheese Plan -> Failure
DEBUG:root:Executing:Sequence: Enemy Overspreading Strategy
DEBUG:root:Executing:Check: check_enemy_forces
DEBUG:root:Result: Check: check_enemy_forces -> Success
DEBUG:root:Executing:Action: over_spreading
DEBUG:root:Order:1 9 2.0
DEBUG:root:Order:1 11 5.0
DEBUG:root:Order:1 17 24.0
DEBUG:root:Result: Action: over_spreading -> Failure
DEBUG:root:Result: Sequence: Enemy Overspreading Strategy -> Failure
DEBUG:root:Executing:Sequence: Spread Strategy
DEBUG:root:Executing:Check: if_neutral_planet_available
DEBUG:root:Result: Check: if_neutral_planet_available -> Success
DEBUG:root:Executing:Action: spread
DEBUG:root:Result: Action: spread -> Failure
DEBUG:root:Result: Sequence: Spread Strategy -> Failure
DEBUG:root:Result: Selector: High Level Ordering of Strategies -> Failure
DEBUG:root:Finish turn

DEBUG:root:Executing:Selector: High Level Ordering of Strategies
DEBUG:root:Executing:Sequence: Cheese Plan
DEBUG:root:Executing:Check: check_cheese
DEBUG:root:Result: Check: check_cheese -> Failure
DEBUG:root:Result: Sequence: Cheese Plan -> Failure
DEBUG:root:Executing:Sequence: Enemy Overspreading Strategy
DEBUG:root:Executing:Check: check_enemy_forces
DEBUG:root:Result: Check: check_enemy_forces -> Success
DEBUG:root:Executing:Action: over_spreading
DEBUG:root:Order:1 11 5.0
DEBUG:root:Order:1 17 2.0
DEBUG:root:Result: Action: over_spreading -> Failure
DEBUG:root:Result: Sequence: Enemy Overspreading Strategy -> Failure
DEBUG:root:Executing:Sequence: Spread Strategy
DEBUG:root:Executing:Check: if_neutral_planet_available
DEBUG:root:Result: Check: if_neutral_planet_available -> Success
DEBUG:root:Executing:Action: spread
DEBUG:root:Result: Action: spread -> Failure
DEBUG:root:Result: Sequence: Spread Strategy -> Failure
DEBUG:root:Result: Selector: High Level Ordering of Strategies -> Failure
DEBUG:root:Finish turn

DEBUG:root:Executing:Selector: High Level Ordering of Strategies
DEBUG:root:Executing:Sequence: Cheese Plan
DEBUG:root:Executing:Check: check_cheese
DEBUG:root:Result: Check: check_cheese -> Failure
DEBUG:root:Result: Sequence: Cheese Plan -> Failure
DEBUG:root:Executing:Sequence: Enemy Overspreading Strategy
DEBUG:root:Executing:Check: check_enemy_forces
DEBUG:root:Result: Check: check_enemy_forces -> Success
DEBUG:root:Executing:Action: over_spreading
DEBUG:root:Order:1 9 2.0
DEBUG:root:Order:1 11 5.0
DEBUG:root:Order:1 17 2.0
DEBUG:root:Result: Action: over_spreading -> Failure
DEBUG:root:Result: Sequence: Enemy Overspreading Strategy -> Failure
DEBUG:root:Executing:Sequence: Spread Strategy
DEBUG:root:Executing:Check: if_neutral_planet_available
DEBUG:root:Result: Check: if_neutral_planet_available -> Success
DEBUG:root:Executing:Action: spread
DEBUG:root:Result: Action: spread -> Failure
DEBUG:root:Result: Sequence: Spread Strategy -> Failure
DEBUG:root:Result: Selector: High Level Ordering of Strategies -> Failure
DEBUG:root:Finish turn

DEBUG:root:Executing:Selector: High Level Ordering of Strategies
DEBUG:root:Executing:Sequence: Cheese Plan
DEBUG:root:Executing:Check: check_cheese
DEBUG:root:Result: Check: check_cheese -> Success
DEBUG:root:Executing:Action: cheese
DEBUG:root:Result: Action: cheese -> Failure
DEBUG:root:Result: Sequence: Cheese Plan -> Failure
DEBUG:root:Executing:Sequence: Enemy Overspreading Strategy
DEBUG:root:Executing:Check: check_enemy_forces
DEBUG:root:Result: Check: check_enemy_forces -> Success
DEBUG:root:Executing:Action: over_spreading
DEBUG:root:Order:1 11 5.0
DEBUG:root:Order:1 17 2.0
DEBUG:root:Result: Action: over_spreading -> Failure
DEBUG:root:Result: Sequence: Enemy Overspreading Strategy -> Failure
DEBUG:root:Executing:Sequence: Spread Strategy
DEBUG:root:Executing:Check: if_neutral_planet_available
DEBUG:root:Result: Check: if_neutral_planet_available -> Success
DEBUG:root:Executing:Action: spread
DEBUG:root:Result: Action: spread -> Failure
DEBUG:root:Result: Sequence: Spread Strategy -> Failure
DEBUG:root:Result: Selector: High Level Ordering of Strategies -> Failure
DEBUG:root:Finish turn

DEBUG:root:Executing:Selector: High Level Ordering of Strategies
DEBUG:root:Executing:Sequence: Cheese Plan
DEBUG:root:Executing:Check: check_cheese
DEBUG:root:Result: Check: check_cheese -> Success
DEBUG:root:Executing:Action: cheese
DEBUG:root:Order:1 9 27.0
DEBUG:root:Result: Action: cheese -> Failure
DEBUG:root:Result: Sequence: Cheese Plan -> Failure
DEBUG:root:Executing:Sequence: Enemy Overspreading Strategy
DEBUG:root:Executing:Check: check_enemy_forces
DEBUG:root:Result: Check: check_enemy_forces -> Success
DEBUG:root:Executing:Action: over_spreading
DEBUG:root:Result: Action: over_spreading -> Failure
DEBUG:root:Result: Sequence: Enemy Overspreading Strategy -> Failure
DEBUG:root:Executing:Sequence: Spread Strategy
DEBUG:root:Executing:Check: if_neutral_planet_available
DEBUG:root:Result: Check: if_neutral_planet_available -> Success
DEBUG:root:Executing:Action: spread
DEBUG:root:Result: Action: spread -> Failure
DEBUG:root:Result: Sequence: Spread Strategy -> Failure
DEBUG:root:Result: Selector: High Level Ordering of Strategies -> Failure
DEBUG:root:Finish turn

DEBUG:root:Executing:Selector: High Level Ordering of Strategies
DEBUG:root:Executing:Sequence: Cheese Plan
DEBUG:root:Executing:Check: check_cheese
DEBUG:root:Result: Check: check_cheese -> Failure
DEBUG:root:Result: Sequence: Cheese Plan -> Failure
DEBUG:root:Executing:Sequence: Enemy Overspreading Strategy
DEBUG:root:Executing:Check: check_enemy_forces
DEBUG:root:Result: Check: check_enemy_forces -> Success
DEBUG:root:Executing:Action: over_spreading
DEBUG:root:Result: Action: over_spreading -> Failure
DEBUG:root:Result: Sequence: Enemy Overspreading Strategy -> Failure
DEBUG:root:Executing:Sequence: Spread Strategy
DEBUG:root:Executing:Check: if_neutral_planet_available
DEBUG:root:Result: Check: if_neutral_planet_available -> Success
DEBUG:root:Executing:Action: spread
DEBUG:root:Result: Action: spread -> Failure
DEBUG:root:Result: Sequence: Spread Strategy -> Failure
DEBUG:root:Result: Selector: High Level Ordering of Strategies -> Failure
DEBUG:root:Finish turn

DEBUG:root:Executing:Selector: High Level Ordering of Strategies
DEBUG:root:Executing:Sequence: Cheese Plan
DEBUG:root:Executing:Check: check_cheese
DEBUG:root:Result: Check: check_cheese -> Failure
DEBUG:root:Result: Sequence: Cheese Plan -> Failure
DEBUG:root:Executing:Sequence: Enemy Overspreading Strategy
DEBUG:root:Executing:Check: check_enemy_forces
DEBUG:root:Result: Check: check_enemy_forces -> Success
DEBUG:root:Executing:Action: over_spreading
DEBUG:root:Result: Action: over_spreading -> Failure
DEBUG:root:Result: Sequence: Enemy Overspreading Strategy -> Failure
DEBUG:root:Executing:Sequence: Spread Strategy
DEBUG:root:Executing:Check: if_neutral_planet_available
DEBUG:root:Result: Check: if_neutral_planet_available -> Success
DEBUG:root:Executing:Action: spread
DEBUG:root:Result: Action: spread -> Failure
DEBUG:root:Result: Sequence: Spread Strategy -> Failure
DEBUG:root:Result: Selector: High Level Ordering of Strategies -> Failure
DEBUG:root:Finish turn

DEBUG:root:Executing:Selector: High Level Ordering of Strategies
DEBUG:root:Executing:Sequence: Cheese Plan
DEBUG:root:Executing:Check: check_cheese
DEBUG:root:Result: Check: check_cheese -> Success
DEBUG:root:Executing:Action: cheese
DEBUG:root:Result: Action: cheese -> Failure
DEBUG:root:Result: Sequence: Cheese Plan -> Failure
DEBUG:root:Executing:Sequence: Enemy Overspreading Strategy
DEBUG:root:Executing:Check: check_enemy_forces
DEBUG:root:Result: Check: check_enemy_forces -> Success
DEBUG:root:Executing:Action: over_spreading
DEBUG:root:Order:1 5 15.0
DEBUG:root:Result: Action: over_spreading -> Failure
DEBUG:root:Result: Sequence: Enemy Overspreading Strategy -> Failure
DEBUG:root:Executing:Sequence: Spread Strategy
DEBUG:root:Executing:Check: if_neutral_planet_available
DEBUG:root:Result: Check: if_neutral_planet_available -> Success
DEBUG:root:Executing:Action: spread
DEBUG:root:Result: Action: spread -> Failure
DEBUG:root:Result: Sequence: Spread Strategy -> Failure
DEBUG:root:Result: Selector: High Level Ordering of Strategies -> Failure
DEBUG:root:Finish turn

DEBUG:root:Executing:Selector: High Level Ordering of Strategies
DEBUG:root:Executing:Sequence: Cheese Plan
DEBUG:root:Executing:Check: check_cheese
DEBUG:root:Result: Check: check_cheese -> Failure
DEBUG:root:Result: Sequence: Cheese Plan -> Failure
DEBUG:root:Executing:Sequence: Enemy Overspreading Strategy
DEBUG:root:Executing:Check: check_enemy_forces
DEBUG:root:Result: Check: check_enemy_forces -> Success
DEBUG:root:Executing:Action: over_spreading
DEBUG:root:Result: Action: over_spreading -> Failure
DEBUG:root:Result: Sequence: Enemy Overspreading Strategy -> Failure
DEBUG:root:Executing:Sequence: Spread Strategy
DEBUG:root:Executing:Check: if_neutral_planet_available
DEBUG:root:Result: Check: if_neutral_planet_available -> Success
DEBUG:root:Executing:Action: spread
DEBUG:root:Result: Action: spread -> Failure
DEBUG:root:Result: Sequence: Spread Strategy -> Failure
DEBUG:root:Result: Selector: High Level Ordering of Strategies -> Failure
DEBUG:root:Finish turn

DEBUG:root:Executing:Selector: High Level Ordering of Strategies
DEBUG:root:Executing:Sequence: Cheese Plan
DEBUG:root:Executing:Check: check_cheese
DEBUG:root:Result: Check: check_cheese -> Failure
DEBUG:root:Result: Sequence: Cheese Plan -> Failure
DEBUG:root:Executing:Sequence: Enemy Overspreading Strategy
DEBUG:root:Executing:Check: check_enemy_forces
DEBUG:root:Result: Check: check_enemy_forces -> Success
DEBUG:root:Executing:Action: over_spreading
DEBUG:root:Order:1 5 2.0
DEBUG:root:Result: Action: over_spreading -> Failure
DEBUG:root:Result: Sequence: Enemy Overspreading Strategy -> Failure
DEBUG:root:Executing:Sequence: Spread Strategy
DEBUG:root:Executing:Check: if_neutral_planet_available
DEBUG:root:Result: Check: if_neutral_planet_available -> Success
DEBUG:root:Executing:Action: spread
DEBUG:root:Result: Action: spread -> Failure
DEBUG:root:Result: Sequence: Spread Strategy -> Failure
DEBUG:root:Result: Selector: High Level Ordering of Strategies -> Failure
DEBUG:root:Finish turn

DEBUG:root:Executing:Selector: High Level Ordering of Strategies
DEBUG:root:Executing:Sequence: Cheese Plan
DEBUG:root:Executing:Check: check_cheese
DEBUG:root:Result: Check: check_cheese -> Failure
DEBUG:root:Result: Sequence: Cheese Plan -> Failure
DEBUG:root:Executing:Sequence: Enemy Overspreading Strategy
DEBUG:root:Executing:Check: check_enemy_forces
DEBUG:root:Result: Check: check_enemy_forces -> Success
DEBUG:root:Executing:Action: over_spreading
DEBUG:root:Result: Action: over_spreading -> Failure
DEBUG:root:Result: Sequence: Enemy Overspreading Strategy -> Failure
DEBUG:root:Executing:Sequence: Spread Strategy
DEBUG:root:Executing:Check: if_neutral_planet_available
DEBUG:root:Result: Check: if_neutral_planet_available -> Success
DEBUG:root:Executing:Action: spread
DEBUG:root:Result: Action: spread -> Failure
DEBUG:root:Result: Sequence: Spread Strategy -> Failure
DEBUG:root:Result: Selector: High Level Ordering of Strategies -> Failure
DEBUG:root:Finish turn

DEBUG:root:Executing:Selector: High Level Ordering of Strategies
DEBUG:root:Executing:Sequence: Cheese Plan
DEBUG:root:Executing:Check: check_cheese
DEBUG:root:Result: Check: check_cheese -> Failure
DEBUG:root:Result: Sequence: Cheese Plan -> Failure
DEBUG:root:Executing:Sequence: Enemy Overspreading Strategy
DEBUG:root:Executing:Check: check_enemy_forces
DEBUG:root:Result: Check: check_enemy_forces -> Success
DEBUG:root:Executing:Action: over_spreading
DEBUG:root:Order:1 5 2.0
DEBUG:root:Result: Action: over_spreading -> Failure
DEBUG:root:Result: Sequence: Enemy Overspreading Strategy -> Failure
DEBUG:root:Executing:Sequence: Spread Strategy
DEBUG:root:Executing:Check: if_neutral_planet_available
DEBUG:root:Result: Check: if_neutral_planet_available -> Success
DEBUG:root:Executing:Action: spread
DEBUG:root:Result: Action: spread -> Failure
DEBUG:root:Result: Sequence: Spread Strategy -> Failure
DEBUG:root:Result: Selector: High Level Ordering of Strategies -> Failure
DEBUG:root:Finish turn

DEBUG:root:Executing:Selector: High Level Ordering of Strategies
DEBUG:root:Executing:Sequence: Cheese Plan
DEBUG:root:Executing:Check: check_cheese
DEBUG:root:Result: Check: check_cheese -> Success
DEBUG:root:Executing:Action: cheese
DEBUG:root:Result: Action: cheese -> Failure
DEBUG:root:Result: Sequence: Cheese Plan -> Failure
DEBUG:root:Executing:Sequence: Enemy Overspreading Strategy
DEBUG:root:Executing:Check: check_enemy_forces
DEBUG:root:Result: Check: check_enemy_forces -> Success
DEBUG:root:Executing:Action: over_spreading
DEBUG:root:Result: Action: over_spreading -> Failure
DEBUG:root:Result: Sequence: Enemy Overspreading Strategy -> Failure
DEBUG:root:Executing:Sequence: Spread Strategy
DEBUG:root:Executing:Check: if_neutral_planet_available
DEBUG:root:Result: Check: if_neutral_planet_available -> Success
DEBUG:root:Executing:Action: spread
DEBUG:root:Result: Action: spread -> Failure
DEBUG:root:Result: Sequence: Spread Strategy -> Failure
DEBUG:root:Result: Selector: High Level Ordering of Strategies -> Failure
DEBUG:root:Finish turn

DEBUG:root:Executing:Selector: High Level Ordering of Strategies
DEBUG:root:Executing:Sequence: Cheese Plan
DEBUG:root:Executing:Check: check_cheese
DEBUG:root:Result: Check: check_cheese -> Success
DEBUG:root:Executing:Action: cheese
DEBUG:root:Result: Action: cheese -> Failure
DEBUG:root:Result: Sequence: Cheese Plan -> Failure
DEBUG:root:Executing:Sequence: Enemy Overspreading Strategy
DEBUG:root:Executing:Check: check_enemy_forces
DEBUG:root:Result: Check: check_enemy_forces -> Success
DEBUG:root:Executing:Action: over_spreading
DEBUG:root:Order:1 5 2.0
DEBUG:root:Result: Action: over_spreading -> Failure
DEBUG:root:Result: Sequence: Enemy Overspreading Strategy -> Failure
DEBUG:root:Executing:Sequence: Spread Strategy
DEBUG:root:Executing:Check: if_neutral_planet_available
DEBUG:root:Result: Check: if_neutral_planet_available -> Success
DEBUG:root:Executing:Action: spread
DEBUG:root:Result: Action: spread -> Failure
DEBUG:root:Result: Sequence: Spread Strategy -> Failure
DEBUG:root:Result: Selector: High Level Ordering of Strategies -> Failure
DEBUG:root:Finish turn

DEBUG:root:Executing:Selector: High Level Ordering of Strategies
DEBUG:root:Executing:Sequence: Cheese Plan
DEBUG:root:Executing:Check: check_cheese
DEBUG:root:Result: Check: check_cheese -> Success
DEBUG:root:Executing:Action: cheese
DEBUG:root:Result: Action: cheese -> Failure
DEBUG:root:Result: Sequence: Cheese Plan -> Failure
DEBUG:root:Executing:Sequence: Enemy Overspreading Strategy
DEBUG:root:Executing:Check: check_enemy_forces
DEBUG:root:Result: Check: check_enemy_forces -> Success
DEBUG:root:Executing:Action: over_spreading
DEBUG:root:Result: Action: over_spreading -> Failure
DEBUG:root:Result: Sequence: Enemy Overspreading Strategy -> Failure
DEBUG:root:Executing:Sequence: Spread Strategy
DEBUG:root:Executing:Check: if_neutral_planet_available
DEBUG:root:Result: Check: if_neutral_planet_available -> Success
DEBUG:root:Executing:Action: spread
DEBUG:root:Result: Action: spread -> Failure
DEBUG:root:Result: Sequence: Spread Strategy -> Failure
DEBUG:root:Result: Selector: High Level Ordering of Strategies -> Failure
DEBUG:root:Finish turn

DEBUG:root:Executing:Selector: High Level Ordering of Strategies
DEBUG:root:Executing:Sequence: Cheese Plan
DEBUG:root:Executing:Check: check_cheese
DEBUG:root:Result: Check: check_cheese -> Success
DEBUG:root:Executing:Action: cheese
DEBUG:root:Result: Action: cheese -> Failure
DEBUG:root:Result: Sequence: Cheese Plan -> Failure
DEBUG:root:Executing:Sequence: Enemy Overspreading Strategy
DEBUG:root:Executing:Check: check_enemy_forces
DEBUG:root:Result: Check: check_enemy_forces -> Success
DEBUG:root:Executing:Action: over_spreading
DEBUG:root:Order:1 5 2.0
DEBUG:root:Result: Action: over_spreading -> Failure
DEBUG:root:Result: Sequence: Enemy Overspreading Strategy -> Failure
DEBUG:root:Executing:Sequence: Spread Strategy
DEBUG:root:Executing:Check: if_neutral_planet_available
DEBUG:root:Result: Check: if_neutral_planet_available -> Success
DEBUG:root:Executing:Action: spread
DEBUG:root:Result: Action: spread -> Failure
DEBUG:root:Result: Sequence: Spread Strategy -> Failure
DEBUG:root:Result: Selector: High Level Ordering of Strategies -> Failure
DEBUG:root:Finish turn

DEBUG:root:Executing:Selector: High Level Ordering of Strategies
DEBUG:root:Executing:Sequence: Cheese Plan
DEBUG:root:Executing:Check: check_cheese
DEBUG:root:Result: Check: check_cheese -> Success
DEBUG:root:Executing:Action: cheese
DEBUG:root:Order:11 17 40.0
DEBUG:root:Result: Action: cheese -> Failure
DEBUG:root:Result: Sequence: Cheese Plan -> Failure
DEBUG:root:Executing:Sequence: Enemy Overspreading Strategy
DEBUG:root:Executing:Check: check_enemy_forces
DEBUG:root:Result: Check: check_enemy_forces -> Success
DEBUG:root:Executing:Action: over_spreading
DEBUG:root:Result: Action: over_spreading -> Failure
DEBUG:root:Result: Sequence: Enemy Overspreading Strategy -> Failure
DEBUG:root:Executing:Sequence: Spread Strategy
DEBUG:root:Executing:Check: if_neutral_planet_available
DEBUG:root:Result: Check: if_neutral_planet_available -> Success
DEBUG:root:Executing:Action: spread
DEBUG:root:Result: Action: spread -> Failure
DEBUG:root:Result: Sequence: Spread Strategy -> Failure
DEBUG:root:Result: Selector: High Level Ordering of Strategies -> Failure
DEBUG:root:Finish turn

DEBUG:root:Executing:Selector: High Level Ordering of Strategies
DEBUG:root:Executing:Sequence: Cheese Plan
DEBUG:root:Executing:Check: check_cheese
DEBUG:root:Result: Check: check_cheese -> Success
DEBUG:root:Executing:Action: cheese
DEBUG:root:Order:1 5 25.0
DEBUG:root:Order:1 18 16.0
DEBUG:root:Result: Action: cheese -> Failure
DEBUG:root:Result: Sequence: Cheese Plan -> Failure
DEBUG:root:Executing:Sequence: Enemy Overspreading Strategy
DEBUG:root:Executing:Check: check_enemy_forces
DEBUG:root:Result: Check: check_enemy_forces -> Success
DEBUG:root:Executing:Action: over_spreading
DEBUG:root:Result: Action: over_spreading -> Failure
DEBUG:root:Result: Sequence: Enemy Overspreading Strategy -> Failure
DEBUG:root:Executing:Sequence: Spread Strategy
DEBUG:root:Executing:Check: if_neutral_planet_available
DEBUG:root:Result: Check: if_neutral_planet_available -> Success
DEBUG:root:Executing:Action: spread
DEBUG:root:Result: Action: spread -> Failure
DEBUG:root:Result: Sequence: Spread Strategy -> Failure
DEBUG:root:Result: Selector: High Level Ordering of Strategies -> Failure
DEBUG:root:Finish turn

DEBUG:root:Executing:Selector: High Level Ordering of Strategies
DEBUG:root:Executing:Sequence: Cheese Plan
DEBUG:root:Executing:Check: check_cheese
DEBUG:root:Result: Check: check_cheese -> Success
DEBUG:root:Executing:Action: cheese
DEBUG:root:Order:1 18 18.0
DEBUG:root:Result: Action: cheese -> Failure
DEBUG:root:Result: Sequence: Cheese Plan -> Failure
DEBUG:root:Executing:Sequence: Enemy Overspreading Strategy
DEBUG:root:Executing:Check: check_enemy_forces
DEBUG:root:Result: Check: check_enemy_forces -> Success
DEBUG:root:Executing:Action: over_spreading
DEBUG:root:Result: Action: over_spreading -> Failure
DEBUG:root:Result: Sequence: Enemy Overspreading Strategy -> Failure
DEBUG:root:Executing:Sequence: Spread Strategy
DEBUG:root:Executing:Check: if_neutral_planet_available
DEBUG:root:Result: Check: if_neutral_planet_available -> Success
DEBUG:root:Executing:Action: spread
DEBUG:root:Result: Action: spread -> Failure
DEBUG:root:Result: Sequence: Spread Strategy -> Failure
DEBUG:root:Result: Selector: High Level Ordering of Strategies -> Failure
DEBUG:root:Finish turn

DEBUG:root:Executing:Selector: High Level Ordering of Strategies
DEBUG:root:Executing:Sequence: Cheese Plan
DEBUG:root:Executing:Check: check_cheese
DEBUG:root:Result: Check: check_cheese -> Success
DEBUG:root:Executing:Action: cheese
DEBUG:root:Result: Action: cheese -> Failure
DEBUG:root:Result: Sequence: Cheese Plan -> Failure
DEBUG:root:Executing:Sequence: Enemy Overspreading Strategy
DEBUG:root:Executing:Check: check_enemy_forces
DEBUG:root:Result: Check: check_enemy_forces -> Success
DEBUG:root:Executing:Action: over_spreading
DEBUG:root:Result: Action: over_spreading -> Failure
DEBUG:root:Result: Sequence: Enemy Overspreading Strategy -> Failure
DEBUG:root:Executing:Sequence: Spread Strategy
DEBUG:root:Executing:Check: if_neutral_planet_available
DEBUG:root:Result: Check: if_neutral_planet_available -> Success
DEBUG:root:Executing:Action: spread
DEBUG:root:Result: Action: spread -> Failure
DEBUG:root:Result: Sequence: Spread Strategy -> Failure
DEBUG:root:Result: Selector: High Level Ordering of Strategies -> Failure
DEBUG:root:Finish turn

DEBUG:root:Executing:Selector: High Level Ordering of Strategies
DEBUG:root:Executing:Sequence: Cheese Plan
DEBUG:root:Executing:Check: check_cheese
DEBUG:root:Result: Check: check_cheese -> Success
DEBUG:root:Executing:Action: cheese
DEBUG:root:Result: Action: cheese -> Failure
DEBUG:root:Result: Sequence: Cheese Plan -> Failure
DEBUG:root:Executing:Sequence: Enemy Overspreading Strategy
DEBUG:root:Executing:Check: check_enemy_forces
DEBUG:root:Result: Check: check_enemy_forces -> Success
DEBUG:root:Executing:Action: over_spreading
DEBUG:root:Result: Action: over_spreading -> Failure
DEBUG:root:Result: Sequence: Enemy Overspreading Strategy -> Failure
DEBUG:root:Executing:Sequence: Spread Strategy
DEBUG:root:Executing:Check: if_neutral_planet_available
DEBUG:root:Result: Check: if_neutral_planet_available -> Success
DEBUG:root:Executing:Action: spread
DEBUG:root:Result: Action: spread -> Failure
DEBUG:root:Result: Sequence: Spread Strategy -> Failure
DEBUG:root:Result: Selector: High Level Ordering of Strategies -> Failure
DEBUG:root:Finish turn

DEBUG:root:Executing:Selector: High Level Ordering of Strategies
DEBUG:root:Executing:Sequence: Cheese Plan
DEBUG:root:Executing:Check: check_cheese
DEBUG:root:Result: Check: check_cheese -> Success
DEBUG:root:Executing:Action: cheese
DEBUG:root:Result: Action: cheese -> Failure
DEBUG:root:Result: Sequence: Cheese Plan -> Failure
DEBUG:root:Executing:Sequence: Enemy Overspreading Strategy
DEBUG:root:Executing:Check: check_enemy_forces
DEBUG:root:Result: Check: check_enemy_forces -> Success
DEBUG:root:Executing:Action: over_spreading
DEBUG:root:Result: Action: over_spreading -> Failure
DEBUG:root:Result: Sequence: Enemy Overspreading Strategy -> Failure
DEBUG:root:Executing:Sequence: Spread Strategy
DEBUG:root:Executing:Check: if_neutral_planet_available
DEBUG:root:Result: Check: if_neutral_planet_available -> Success
DEBUG:root:Executing:Action: spread
DEBUG:root:Result: Action: spread -> Failure
DEBUG:root:Result: Sequence: Spread Strategy -> Failure
DEBUG:root:Result: Selector: High Level Ordering of Strategies -> Failure
DEBUG:root:Finish turn

DEBUG:root:Executing:Selector: High Level Ordering of Strategies
DEBUG:root:Executing:Sequence: Cheese Plan
DEBUG:root:Executing:Check: check_cheese
DEBUG:root:Result: Check: check_cheese -> Success
DEBUG:root:Executing:Action: cheese
DEBUG:root:Result: Action: cheese -> Failure
DEBUG:root:Result: Sequence: Cheese Plan -> Failure
DEBUG:root:Executing:Sequence: Enemy Overspreading Strategy
DEBUG:root:Executing:Check: check_enemy_forces
DEBUG:root:Result: Check: check_enemy_forces -> Success
DEBUG:root:Executing:Action: over_spreading
DEBUG:root:Result: Action: over_spreading -> Failure
DEBUG:root:Result: Sequence: Enemy Overspreading Strategy -> Failure
DEBUG:root:Executing:Sequence: Spread Strategy
DEBUG:root:Executing:Check: if_neutral_planet_available
DEBUG:root:Result: Check: if_neutral_planet_available -> Success
DEBUG:root:Executing:Action: spread
DEBUG:root:Result: Action: spread -> Failure
DEBUG:root:Result: Sequence: Spread Strategy -> Failure
DEBUG:root:Result: Selector: High Level Ordering of Strategies -> Failure
DEBUG:root:Finish turn

DEBUG:root:Executing:Selector: High Level Ordering of Strategies
DEBUG:root:Executing:Sequence: Cheese Plan
DEBUG:root:Executing:Check: check_cheese
DEBUG:root:Result: Check: check_cheese -> Success
DEBUG:root:Executing:Action: cheese
DEBUG:root:Result: Action: cheese -> Failure
DEBUG:root:Result: Sequence: Cheese Plan -> Failure
DEBUG:root:Executing:Sequence: Enemy Overspreading Strategy
DEBUG:root:Executing:Check: check_enemy_forces
DEBUG:root:Result: Check: check_enemy_forces -> Success
DEBUG:root:Executing:Action: over_spreading
DEBUG:root:Order:1 0 5.0
DEBUG:root:Result: Action: over_spreading -> Failure
DEBUG:root:Result: Sequence: Enemy Overspreading Strategy -> Failure
DEBUG:root:Executing:Sequence: Spread Strategy
DEBUG:root:Executing:Check: if_neutral_planet_available
DEBUG:root:Result: Check: if_neutral_planet_available -> Success
DEBUG:root:Executing:Action: spread
DEBUG:root:Result: Action: spread -> Failure
DEBUG:root:Result: Sequence: Spread Strategy -> Failure
DEBUG:root:Result: Selector: High Level Ordering of Strategies -> Failure
DEBUG:root:Finish turn

DEBUG:root:Executing:Selector: High Level Ordering of Strategies
DEBUG:root:Executing:Sequence: Cheese Plan
DEBUG:root:Executing:Check: check_cheese
DEBUG:root:Result: Check: check_cheese -> Success
DEBUG:root:Executing:Action: cheese
DEBUG:root:Result: Action: cheese -> Failure
DEBUG:root:Result: Sequence: Cheese Plan -> Failure
DEBUG:root:Executing:Sequence: Enemy Overspreading Strategy
DEBUG:root:Executing:Check: check_enemy_forces
DEBUG:root:Result: Check: check_enemy_forces -> Success
DEBUG:root:Executing:Action: over_spreading
DEBUG:root:Order:1 0 3.0
DEBUG:root:Result: Action: over_spreading -> Failure
DEBUG:root:Result: Sequence: Enemy Overspreading Strategy -> Failure
DEBUG:root:Executing:Sequence: Spread Strategy
DEBUG:root:Executing:Check: if_neutral_planet_available
DEBUG:root:Result: Check: if_neutral_planet_available -> Success
DEBUG:root:Executing:Action: spread
DEBUG:root:Result: Action: spread -> Failure
DEBUG:root:Result: Sequence: Spread Strategy -> Failure
DEBUG:root:Result: Selector: High Level Ordering of Strategies -> Failure
DEBUG:root:Finish turn

DEBUG:root:Executing:Selector: High Level Ordering of Strategies
DEBUG:root:Executing:Sequence: Cheese Plan
DEBUG:root:Executing:Check: check_cheese
DEBUG:root:Result: Check: check_cheese -> Success
DEBUG:root:Executing:Action: cheese
DEBUG:root:Result: Action: cheese -> Failure
DEBUG:root:Result: Sequence: Cheese Plan -> Failure
DEBUG:root:Executing:Sequence: Enemy Overspreading Strategy
DEBUG:root:Executing:Check: check_enemy_forces
DEBUG:root:Result: Check: check_enemy_forces -> Success
DEBUG:root:Executing:Action: over_spreading
DEBUG:root:Order:1 0 3.0
DEBUG:root:Result: Action: over_spreading -> Failure
DEBUG:root:Result: Sequence: Enemy Overspreading Strategy -> Failure
DEBUG:root:Executing:Sequence: Spread Strategy
DEBUG:root:Executing:Check: if_neutral_planet_available
DEBUG:root:Result: Check: if_neutral_planet_available -> Success
DEBUG:root:Executing:Action: spread
DEBUG:root:Result: Action: spread -> Failure
DEBUG:root:Result: Sequence: Spread Strategy -> Failure
DEBUG:root:Result: Selector: High Level Ordering of Strategies -> Failure
DEBUG:root:Finish turn

DEBUG:root:Executing:Selector: High Level Ordering of Strategies
DEBUG:root:Executing:Sequence: Cheese Plan
DEBUG:root:Executing:Check: check_cheese
DEBUG:root:Result: Check: check_cheese -> Success
DEBUG:root:Executing:Action: cheese
DEBUG:root:Result: Action: cheese -> Failure
DEBUG:root:Result: Sequence: Cheese Plan -> Failure
DEBUG:root:Executing:Sequence: Enemy Overspreading Strategy
DEBUG:root:Executing:Check: check_enemy_forces
DEBUG:root:Result: Check: check_enemy_forces -> Success
DEBUG:root:Executing:Action: over_spreading
DEBUG:root:Order:1 0 3.0
DEBUG:root:Result: Action: over_spreading -> Failure
DEBUG:root:Result: Sequence: Enemy Overspreading Strategy -> Failure
DEBUG:root:Executing:Sequence: Spread Strategy
DEBUG:root:Executing:Check: if_neutral_planet_available
DEBUG:root:Result: Check: if_neutral_planet_available -> Success
DEBUG:root:Executing:Action: spread
DEBUG:root:Result: Action: spread -> Failure
DEBUG:root:Result: Sequence: Spread Strategy -> Failure
DEBUG:root:Result: Selector: High Level Ordering of Strategies -> Failure
DEBUG:root:Finish turn

DEBUG:root:Executing:Selector: High Level Ordering of Strategies
DEBUG:root:Executing:Sequence: Cheese Plan
DEBUG:root:Executing:Check: check_cheese
DEBUG:root:Result: Check: check_cheese -> Success
DEBUG:root:Executing:Action: cheese
DEBUG:root:Result: Action: cheese -> Failure
DEBUG:root:Result: Sequence: Cheese Plan -> Failure
DEBUG:root:Executing:Sequence: Enemy Overspreading Strategy
DEBUG:root:Executing:Check: check_enemy_forces
DEBUG:root:Result: Check: check_enemy_forces -> Success
DEBUG:root:Executing:Action: over_spreading
DEBUG:root:Order:1 0 3.0
DEBUG:root:Result: Action: over_spreading -> Failure
DEBUG:root:Result: Sequence: Enemy Overspreading Strategy -> Failure
DEBUG:root:Executing:Sequence: Spread Strategy
DEBUG:root:Executing:Check: if_neutral_planet_available
DEBUG:root:Result: Check: if_neutral_planet_available -> Success
DEBUG:root:Executing:Action: spread
DEBUG:root:Result: Action: spread -> Failure
DEBUG:root:Result: Sequence: Spread Strategy -> Failure
DEBUG:root:Result: Selector: High Level Ordering of Strategies -> Failure
DEBUG:root:Finish turn

DEBUG:root:Executing:Selector: High Level Ordering of Strategies
DEBUG:root:Executing:Sequence: Cheese Plan
DEBUG:root:Executing:Check: check_cheese
DEBUG:root:Result: Check: check_cheese -> Success
DEBUG:root:Executing:Action: cheese
DEBUG:root:Result: Action: cheese -> Failure
DEBUG:root:Result: Sequence: Cheese Plan -> Failure
DEBUG:root:Executing:Sequence: Enemy Overspreading Strategy
DEBUG:root:Executing:Check: check_enemy_forces
DEBUG:root:Result: Check: check_enemy_forces -> Success
DEBUG:root:Executing:Action: over_spreading
DEBUG:root:Order:1 0 3.0
DEBUG:root:Result: Action: over_spreading -> Failure
DEBUG:root:Result: Sequence: Enemy Overspreading Strategy -> Failure
DEBUG:root:Executing:Sequence: Spread Strategy
DEBUG:root:Executing:Check: if_neutral_planet_available
DEBUG:root:Result: Check: if_neutral_planet_available -> Success
DEBUG:root:Executing:Action: spread
DEBUG:root:Result: Action: spread -> Failure
DEBUG:root:Result: Sequence: Spread Strategy -> Failure
DEBUG:root:Result: Selector: High Level Ordering of Strategies -> Failure
DEBUG:root:Finish turn

DEBUG:root:Executing:Selector: High Level Ordering of Strategies
DEBUG:root:Executing:Sequence: Cheese Plan
DEBUG:root:Executing:Check: check_cheese
DEBUG:root:Result: Check: check_cheese -> Success
DEBUG:root:Executing:Action: cheese
DEBUG:root:Result: Action: cheese -> Failure
DEBUG:root:Result: Sequence: Cheese Plan -> Failure
DEBUG:root:Executing:Sequence: Enemy Overspreading Strategy
DEBUG:root:Executing:Check: check_enemy_forces
DEBUG:root:Result: Check: check_enemy_forces -> Success
DEBUG:root:Executing:Action: over_spreading
DEBUG:root:Order:1 0 3.0
DEBUG:root:Result: Action: over_spreading -> Failure
DEBUG:root:Result: Sequence: Enemy Overspreading Strategy -> Failure
DEBUG:root:Executing:Sequence: Spread Strategy
DEBUG:root:Executing:Check: if_neutral_planet_available
DEBUG:root:Result: Check: if_neutral_planet_available -> Success
DEBUG:root:Executing:Action: spread
DEBUG:root:Result: Action: spread -> Failure
DEBUG:root:Result: Sequence: Spread Strategy -> Failure
DEBUG:root:Result: Selector: High Level Ordering of Strategies -> Failure
DEBUG:root:Finish turn

DEBUG:root:Executing:Selector: High Level Ordering of Strategies
DEBUG:root:Executing:Sequence: Cheese Plan
DEBUG:root:Executing:Check: check_cheese
DEBUG:root:Result: Check: check_cheese -> Failure
DEBUG:root:Result: Sequence: Cheese Plan -> Failure
DEBUG:root:Executing:Sequence: Enemy Overspreading Strategy
DEBUG:root:Executing:Check: check_enemy_forces
DEBUG:root:Result: Check: check_enemy_forces -> Success
DEBUG:root:Executing:Action: over_spreading
DEBUG:root:Order:1 0 3.0
DEBUG:root:Result: Action: over_spreading -> Failure
DEBUG:root:Result: Sequence: Enemy Overspreading Strategy -> Failure
DEBUG:root:Executing:Sequence: Spread Strategy
DEBUG:root:Executing:Check: if_neutral_planet_available
DEBUG:root:Result: Check: if_neutral_planet_available -> Success
DEBUG:root:Executing:Action: spread
DEBUG:root:Result: Action: spread -> Failure
DEBUG:root:Result: Sequence: Spread Strategy -> Failure
DEBUG:root:Result: Selector: High Level Ordering of Strategies -> Failure
DEBUG:root:Finish turn

DEBUG:root:Executing:Selector: High Level Ordering of Strategies
DEBUG:root:Executing:Sequence: Cheese Plan
DEBUG:root:Executing:Check: check_cheese
DEBUG:root:Result: Check: check_cheese -> Failure
DEBUG:root:Result: Sequence: Cheese Plan -> Failure
DEBUG:root:Executing:Sequence: Enemy Overspreading Strategy
DEBUG:root:Executing:Check: check_enemy_forces
DEBUG:root:Result: Check: check_enemy_forces -> Success
DEBUG:root:Executing:Action: over_spreading
DEBUG:root:Order:1 0 3.0
DEBUG:root:Result: Action: over_spreading -> Failure
DEBUG:root:Result: Sequence: Enemy Overspreading Strategy -> Failure
DEBUG:root:Executing:Sequence: Spread Strategy
DEBUG:root:Executing:Check: if_neutral_planet_available
DEBUG:root:Result: Check: if_neutral_planet_available -> Success
DEBUG:root:Executing:Action: spread
DEBUG:root:Result: Action: spread -> Failure
DEBUG:root:Result: Sequence: Spread Strategy -> Failure
DEBUG:root:Result: Selector: High Level Ordering of Strategies -> Failure
DEBUG:root:Finish turn

DEBUG:root:Executing:Selector: High Level Ordering of Strategies
DEBUG:root:Executing:Sequence: Cheese Plan
DEBUG:root:Executing:Check: check_cheese
DEBUG:root:Result: Check: check_cheese -> Failure
DEBUG:root:Result: Sequence: Cheese Plan -> Failure
DEBUG:root:Executing:Sequence: Enemy Overspreading Strategy
DEBUG:root:Executing:Check: check_enemy_forces
DEBUG:root:Result: Check: check_enemy_forces -> Success
DEBUG:root:Executing:Action: over_spreading
DEBUG:root:Order:1 0 3.0
DEBUG:root:Result: Action: over_spreading -> Failure
DEBUG:root:Result: Sequence: Enemy Overspreading Strategy -> Failure
DEBUG:root:Executing:Sequence: Spread Strategy
DEBUG:root:Executing:Check: if_neutral_planet_available
DEBUG:root:Result: Check: if_neutral_planet_available -> Success
DEBUG:root:Executing:Action: spread
DEBUG:root:Result: Action: spread -> Failure
DEBUG:root:Result: Sequence: Spread Strategy -> Failure
DEBUG:root:Result: Selector: High Level Ordering of Strategies -> Failure
DEBUG:root:Finish turn

DEBUG:root:Executing:Selector: High Level Ordering of Strategies
DEBUG:root:Executing:Sequence: Cheese Plan
DEBUG:root:Executing:Check: check_cheese
DEBUG:root:Result: Check: check_cheese -> Success
DEBUG:root:Executing:Action: cheese
DEBUG:root:Order:1 0 35.0
DEBUG:root:Result: Action: cheese -> Failure
DEBUG:root:Result: Sequence: Cheese Plan -> Failure
DEBUG:root:Executing:Sequence: Enemy Overspreading Strategy
DEBUG:root:Executing:Check: check_enemy_forces
DEBUG:root:Result: Check: check_enemy_forces -> Success
DEBUG:root:Executing:Action: over_spreading
DEBUG:root:Result: Action: over_spreading -> Failure
DEBUG:root:Result: Sequence: Enemy Overspreading Strategy -> Failure
DEBUG:root:Executing:Sequence: Spread Strategy
DEBUG:root:Executing:Check: if_neutral_planet_available
DEBUG:root:Result: Check: if_neutral_planet_available -> Success
DEBUG:root:Executing:Action: spread
DEBUG:root:Result: Action: spread -> Failure
DEBUG:root:Result: Sequence: Spread Strategy -> Failure
DEBUG:root:Result: Selector: High Level Ordering of Strategies -> Failure
DEBUG:root:Finish turn

DEBUG:root:Executing:Selector: High Level Ordering of Strategies
DEBUG:root:Executing:Sequence: Cheese Plan
DEBUG:root:Executing:Check: check_cheese
DEBUG:root:Result: Check: check_cheese -> Success
DEBUG:root:Executing:Action: cheese
DEBUG:root:Order:1 6 13.0
DEBUG:root:Order:11 6 19.0
DEBUG:root:Result: Action: cheese -> Failure
DEBUG:root:Result: Sequence: Cheese Plan -> Failure
DEBUG:root:Executing:Sequence: Enemy Overspreading Strategy
DEBUG:root:Executing:Check: check_enemy_forces
DEBUG:root:Result: Check: check_enemy_forces -> Failure
DEBUG:root:Result: Sequence: Enemy Overspreading Strategy -> Failure
DEBUG:root:Executing:Sequence: Spread Strategy
DEBUG:root:Executing:Check: if_neutral_planet_available
DEBUG:root:Result: Check: if_neutral_planet_available -> Success
DEBUG:root:Executing:Action: spread
DEBUG:root:Result: Action: spread -> Failure
DEBUG:root:Result: Sequence: Spread Strategy -> Failure
DEBUG:root:Result: Selector: High Level Ordering of Strategies -> Failure
DEBUG:root:Finish turn

DEBUG:root:Executing:Selector: High Level Ordering of Strategies
DEBUG:root:Executing:Sequence: Cheese Plan
DEBUG:root:Executing:Check: check_cheese
DEBUG:root:Result: Check: check_cheese -> Success
DEBUG:root:Executing:Action: cheese
DEBUG:root:Order:11 12 42.0
DEBUG:root:Result: Action: cheese -> Failure
DEBUG:root:Result: Sequence: Cheese Plan -> Failure
DEBUG:root:Executing:Sequence: Enemy Overspreading Strategy
DEBUG:root:Executing:Check: check_enemy_forces
DEBUG:root:Result: Check: check_enemy_forces -> Success
DEBUG:root:Executing:Action: over_spreading
DEBUG:root:Order:17 21 14.0
DEBUG:root:Result: Action: over_spreading -> Failure
DEBUG:root:Result: Sequence: Enemy Overspreading Strategy -> Failure
DEBUG:root:Executing:Sequence: Spread Strategy
DEBUG:root:Executing:Check: if_neutral_planet_available
DEBUG:root:Result: Check: if_neutral_planet_available -> Success
DEBUG:root:Executing:Action: spread
DEBUG:root:Result: Action: spread -> Failure
DEBUG:root:Result: Sequence: Spread Strategy -> Failure
DEBUG:root:Result: Selector: High Level Ordering of Strategies -> Failure
DEBUG:root:Finish turn

DEBUG:root:Executing:Selector: High Level Ordering of Strategies
DEBUG:root:Executing:Sequence: Cheese Plan
DEBUG:root:Executing:Check: check_cheese
DEBUG:root:Result: Check: check_cheese -> Success
DEBUG:root:Executing:Action: cheese
DEBUG:root:Result: Action: cheese -> Failure
DEBUG:root:Result: Sequence: Cheese Plan -> Failure
DEBUG:root:Executing:Sequence: Enemy Overspreading Strategy
DEBUG:root:Executing:Check: check_enemy_forces
DEBUG:root:Result: Check: check_enemy_forces -> Success
DEBUG:root:Executing:Action: over_spreading
DEBUG:root:Order:17 21 3.0
DEBUG:root:Result: Action: over_spreading -> Failure
DEBUG:root:Result: Sequence: Enemy Overspreading Strategy -> Failure
DEBUG:root:Executing:Sequence: Spread Strategy
DEBUG:root:Executing:Check: if_neutral_planet_available
DEBUG:root:Result: Check: if_neutral_planet_available -> Success
DEBUG:root:Executing:Action: spread
DEBUG:root:Result: Action: spread -> Failure
DEBUG:root:Result: Sequence: Spread Strategy -> Failure
DEBUG:root:Result: Selector: High Level Ordering of Strategies -> Failure
DEBUG:root:Finish turn

DEBUG:root:Executing:Selector: High Level Ordering of Strategies
DEBUG:root:Executing:Sequence: Cheese Plan
DEBUG:root:Executing:Check: check_cheese
DEBUG:root:Result: Check: check_cheese -> Success
DEBUG:root:Executing:Action: cheese
DEBUG:root:Result: Action: cheese -> Failure
DEBUG:root:Result: Sequence: Cheese Plan -> Failure
DEBUG:root:Executing:Sequence: Enemy Overspreading Strategy
DEBUG:root:Executing:Check: check_enemy_forces
DEBUG:root:Result: Check: check_enemy_forces -> Success
DEBUG:root:Executing:Action: over_spreading
DEBUG:root:Result: Action: over_spreading -> Failure
DEBUG:root:Result: Sequence: Enemy Overspreading Strategy -> Failure
DEBUG:root:Executing:Sequence: Spread Strategy
DEBUG:root:Executing:Check: if_neutral_planet_available
DEBUG:root:Result: Check: if_neutral_planet_available -> Success
DEBUG:root:Executing:Action: spread
DEBUG:root:Result: Action: spread -> Failure
DEBUG:root:Result: Sequence: Spread Strategy -> Failure
DEBUG:root:Result: Selector: High Level Ordering of Strategies -> Failure
DEBUG:root:Finish turn

DEBUG:root:Executing:Selector: High Level Ordering of Strategies
DEBUG:root:Executing:Sequence: Cheese Plan
DEBUG:root:Executing:Check: check_cheese
DEBUG:root:Result: Check: check_cheese -> Success
DEBUG:root:Executing:Action: cheese
DEBUG:root:Result: Action: cheese -> Failure
DEBUG:root:Result: Sequence: Cheese Plan -> Failure
DEBUG:root:Executing:Sequence: Enemy Overspreading Strategy
DEBUG:root:Executing:Check: check_enemy_forces
DEBUG:root:Result: Check: check_enemy_forces -> Success
DEBUG:root:Executing:Action: over_spreading
DEBUG:root:Result: Action: over_spreading -> Failure
DEBUG:root:Result: Sequence: Enemy Overspreading Strategy -> Failure
DEBUG:root:Executing:Sequence: Spread Strategy
DEBUG:root:Executing:Check: if_neutral_planet_available
DEBUG:root:Result: Check: if_neutral_planet_available -> Success
DEBUG:root:Executing:Action: spread
DEBUG:root:Result: Action: spread -> Failure
DEBUG:root:Result: Sequence: Spread Strategy -> Failure
DEBUG:root:Result: Selector: High Level Ordering of Strategies -> Failure
DEBUG:root:Finish turn

DEBUG:root:Executing:Selector: High Level Ordering of Strategies
DEBUG:root:Executing:Sequence: Cheese Plan
DEBUG:root:Executing:Check: check_cheese
DEBUG:root:Result: Check: check_cheese -> Success
DEBUG:root:Executing:Action: cheese
DEBUG:root:Result: Action: cheese -> Failure
DEBUG:root:Result: Sequence: Cheese Plan -> Failure
DEBUG:root:Executing:Sequence: Enemy Overspreading Strategy
DEBUG:root:Executing:Check: check_enemy_forces
DEBUG:root:Result: Check: check_enemy_forces -> Success
DEBUG:root:Executing:Action: over_spreading
DEBUG:root:Result: Action: over_spreading -> Failure
DEBUG:root:Result: Sequence: Enemy Overspreading Strategy -> Failure
DEBUG:root:Executing:Sequence: Spread Strategy
DEBUG:root:Executing:Check: if_neutral_planet_available
DEBUG:root:Result: Check: if_neutral_planet_available -> Success
DEBUG:root:Executing:Action: spread
DEBUG:root:Result: Action: spread -> Failure
DEBUG:root:Result: Sequence: Spread Strategy -> Failure
DEBUG:root:Result: Selector: High Level Ordering of Strategies -> Failure
DEBUG:root:Finish turn

DEBUG:root:Executing:Selector: High Level Ordering of Strategies
DEBUG:root:Executing:Sequence: Cheese Plan
DEBUG:root:Executing:Check: check_cheese
DEBUG:root:Result: Check: check_cheese -> Success
DEBUG:root:Executing:Action: cheese
DEBUG:root:Result: Action: cheese -> Failure
DEBUG:root:Result: Sequence: Cheese Plan -> Failure
DEBUG:root:Executing:Sequence: Enemy Overspreading Strategy
DEBUG:root:Executing:Check: check_enemy_forces
DEBUG:root:Result: Check: check_enemy_forces -> Success
DEBUG:root:Executing:Action: over_spreading
DEBUG:root:Order:5 21 6.0
DEBUG:root:Result: Action: over_spreading -> Failure
DEBUG:root:Result: Sequence: Enemy Overspreading Strategy -> Failure
DEBUG:root:Executing:Sequence: Spread Strategy
DEBUG:root:Executing:Check: if_neutral_planet_available
DEBUG:root:Result: Check: if_neutral_planet_available -> Success
DEBUG:root:Executing:Action: spread
DEBUG:root:Result: Action: spread -> Failure
DEBUG:root:Result: Sequence: Spread Strategy -> Failure
DEBUG:root:Result: Selector: High Level Ordering of Strategies -> Failure
DEBUG:root:Finish turn

DEBUG:root:Executing:Selector: High Level Ordering of Strategies
DEBUG:root:Executing:Sequence: Cheese Plan
DEBUG:root:Executing:Check: check_cheese
DEBUG:root:Result: Check: check_cheese -> Success
DEBUG:root:Executing:Action: cheese
DEBUG:root:Result: Action: cheese -> Failure
DEBUG:root:Result: Sequence: Cheese Plan -> Failure
DEBUG:root:Executing:Sequence: Enemy Overspreading Strategy
DEBUG:root:Executing:Check: check_enemy_forces
DEBUG:root:Result: Check: check_enemy_forces -> Success
DEBUG:root:Executing:Action: over_spreading
DEBUG:root:Result: Action: over_spreading -> Failure
DEBUG:root:Result: Sequence: Enemy Overspreading Strategy -> Failure
DEBUG:root:Executing:Sequence: Spread Strategy
DEBUG:root:Executing:Check: if_neutral_planet_available
DEBUG:root:Result: Check: if_neutral_planet_available -> Success
DEBUG:root:Executing:Action: spread
DEBUG:root:Result: Action: spread -> Failure
DEBUG:root:Result: Sequence: Spread Strategy -> Failure
DEBUG:root:Result: Selector: High Level Ordering of Strategies -> Failure
DEBUG:root:Finish turn

DEBUG:root:Executing:Selector: High Level Ordering of Strategies
DEBUG:root:Executing:Sequence: Cheese Plan
DEBUG:root:Executing:Check: check_cheese
DEBUG:root:Result: Check: check_cheese -> Success
DEBUG:root:Executing:Action: cheese
DEBUG:root:Result: Action: cheese -> Failure
DEBUG:root:Result: Sequence: Cheese Plan -> Failure
DEBUG:root:Executing:Sequence: Enemy Overspreading Strategy
DEBUG:root:Executing:Check: check_enemy_forces
DEBUG:root:Result: Check: check_enemy_forces -> Success
DEBUG:root:Executing:Action: over_spreading
DEBUG:root:Order:17 21 12.0
DEBUG:root:Result: Action: over_spreading -> Failure
DEBUG:root:Result: Sequence: Enemy Overspreading Strategy -> Failure
DEBUG:root:Executing:Sequence: Spread Strategy
DEBUG:root:Executing:Check: if_neutral_planet_available
DEBUG:root:Result: Check: if_neutral_planet_available -> Success
DEBUG:root:Executing:Action: spread
DEBUG:root:Result: Action: spread -> Failure
DEBUG:root:Result: Sequence: Spread Strategy -> Failure
DEBUG:root:Result: Selector: High Level Ordering of Strategies -> Failure
DEBUG:root:Finish turn

DEBUG:root:Executing:Selector: High Level Ordering of Strategies
DEBUG:root:Executing:Sequence: Cheese Plan
DEBUG:root:Executing:Check: check_cheese
DEBUG:root:Result: Check: check_cheese -> Success
DEBUG:root:Executing:Action: cheese
DEBUG:root:Result: Action: cheese -> Failure
DEBUG:root:Result: Sequence: Cheese Plan -> Failure
DEBUG:root:Executing:Sequence: Enemy Overspreading Strategy
DEBUG:root:Executing:Check: check_enemy_forces
DEBUG:root:Result: Check: check_enemy_forces -> Success
DEBUG:root:Executing:Action: over_spreading
DEBUG:root:Result: Action: over_spreading -> Failure
DEBUG:root:Result: Sequence: Enemy Overspreading Strategy -> Failure
DEBUG:root:Executing:Sequence: Spread Strategy
DEBUG:root:Executing:Check: if_neutral_planet_available
DEBUG:root:Result: Check: if_neutral_planet_available -> Success
DEBUG:root:Executing:Action: spread
DEBUG:root:Result: Action: spread -> Failure
DEBUG:root:Result: Sequence: Spread Strategy -> Failure
DEBUG:root:Result: Selector: High Level Ordering of Strategies -> Failure
DEBUG:root:Finish turn

DEBUG:root:Executing:Selector: High Level Ordering of Strategies
DEBUG:root:Executing:Sequence: Cheese Plan
DEBUG:root:Executing:Check: check_cheese
DEBUG:root:Result: Check: check_cheese -> Success
DEBUG:root:Executing:Action: cheese
DEBUG:root:Order:0 2 82.0
DEBUG:root:Result: Action: cheese -> Failure
DEBUG:root:Result: Sequence: Cheese Plan -> Failure
DEBUG:root:Executing:Sequence: Enemy Overspreading Strategy
DEBUG:root:Executing:Check: check_enemy_forces
DEBUG:root:Result: Check: check_enemy_forces -> Success
DEBUG:root:Executing:Action: over_spreading
DEBUG:root:Result: Action: over_spreading -> Failure
DEBUG:root:Result: Sequence: Enemy Overspreading Strategy -> Failure
DEBUG:root:Executing:Sequence: Spread Strategy
DEBUG:root:Executing:Check: if_neutral_planet_available
DEBUG:root:Result: Check: if_neutral_planet_available -> Success
DEBUG:root:Executing:Action: spread
DEBUG:root:Result: Action: spread -> Failure
DEBUG:root:Result: Sequence: Spread Strategy -> Failure
DEBUG:root:Result: Selector: High Level Ordering of Strategies -> Failure
DEBUG:root:Finish turn

DEBUG:root:Executing:Selector: High Level Ordering of Strategies
DEBUG:root:Executing:Sequence: Cheese Plan
DEBUG:root:Executing:Check: check_cheese
DEBUG:root:Result: Check: check_cheese -> Success
DEBUG:root:Executing:Action: cheese
DEBUG:root:Order:1 0 55.0
DEBUG:root:Order:11 9 17.0
DEBUG:root:Order:18 9 23.0
DEBUG:root:Result: Action: cheese -> Failure
DEBUG:root:Result: Sequence: Cheese Plan -> Failure
DEBUG:root:Executing:Sequence: Enemy Overspreading Strategy
DEBUG:root:Executing:Check: check_enemy_forces
DEBUG:root:Result: Check: check_enemy_forces -> Success
DEBUG:root:Executing:Action: over_spreading
DEBUG:root:Result: Action: over_spreading -> Failure
DEBUG:root:Result: Sequence: Enemy Overspreading Strategy -> Failure
DEBUG:root:Executing:Sequence: Spread Strategy
DEBUG:root:Executing:Check: if_neutral_planet_available
DEBUG:root:Result: Check: if_neutral_planet_available -> Success
DEBUG:root:Executing:Action: spread
DEBUG:root:Result: Action: spread -> Failure
DEBUG:root:Result: Sequence: Spread Strategy -> Failure
DEBUG:root:Result: Selector: High Level Ordering of Strategies -> Failure
DEBUG:root:Finish turn

DEBUG:root:Executing:Selector: High Level Ordering of Strategies
DEBUG:root:Executing:Sequence: Cheese Plan
DEBUG:root:Executing:Check: check_cheese
DEBUG:root:Result: Check: check_cheese -> Success
DEBUG:root:Executing:Action: cheese
DEBUG:root:Result: Action: cheese -> Failure
DEBUG:root:Result: Sequence: Cheese Plan -> Failure
DEBUG:root:Executing:Sequence: Enemy Overspreading Strategy
DEBUG:root:Executing:Check: check_enemy_forces
DEBUG:root:Result: Check: check_enemy_forces -> Success
DEBUG:root:Executing:Action: over_spreading
DEBUG:root:Result: Action: over_spreading -> Failure
DEBUG:root:Result: Sequence: Enemy Overspreading Strategy -> Failure
DEBUG:root:Executing:Sequence: Spread Strategy
DEBUG:root:Executing:Check: if_neutral_planet_available
DEBUG:root:Result: Check: if_neutral_planet_available -> Success
DEBUG:root:Executing:Action: spread
DEBUG:root:Result: Action: spread -> Failure
DEBUG:root:Result: Sequence: Spread Strategy -> Failure
DEBUG:root:Result: Selector: High Level Ordering of Strategies -> Failure
DEBUG:root:Finish turn

DEBUG:root:Executing:Selector: High Level Ordering of Strategies
DEBUG:root:Executing:Sequence: Cheese Plan
DEBUG:root:Executing:Check: check_cheese
DEBUG:root:Result: Check: check_cheese -> Success
DEBUG:root:Executing:Action: cheese
DEBUG:root:Result: Action: cheese -> Failure
DEBUG:root:Result: Sequence: Cheese Plan -> Failure
DEBUG:root:Executing:Sequence: Enemy Overspreading Strategy
DEBUG:root:Executing:Check: check_enemy_forces
DEBUG:root:Result: Check: check_enemy_forces -> Failure
DEBUG:root:Result: Sequence: Enemy Overspreading Strategy -> Failure
DEBUG:root:Executing:Sequence: Spread Strategy
DEBUG:root:Executing:Check: if_neutral_planet_available
DEBUG:root:Result: Check: if_neutral_planet_available -> Success
DEBUG:root:Executing:Action: spread
DEBUG:root:Result: Action: spread -> Failure
DEBUG:root:Result: Sequence: Spread Strategy -> Failure
DEBUG:root:Result: Selector: High Level Ordering of Strategies -> Failure
DEBUG:root:Finish turn

DEBUG:root:Executing:Selector: High Level Ordering of Strategies
DEBUG:root:Executing:Sequence: Cheese Plan
DEBUG:root:Executing:Check: check_cheese
DEBUG:root:Result: Check: check_cheese -> Success
DEBUG:root:Executing:Action: cheese
DEBUG:root:Result: Action: cheese -> Failure
DEBUG:root:Result: Sequence: Cheese Plan -> Failure
DEBUG:root:Executing:Sequence: Enemy Overspreading Strategy
DEBUG:root:Executing:Check: check_enemy_forces
DEBUG:root:Result: Check: check_enemy_forces -> Failure
DEBUG:root:Result: Sequence: Enemy Overspreading Strategy -> Failure
DEBUG:root:Executing:Sequence: Spread Strategy
DEBUG:root:Executing:Check: if_neutral_planet_available
DEBUG:root:Result: Check: if_neutral_planet_available -> Success
DEBUG:root:Executing:Action: spread
DEBUG:root:Result: Action: spread -> Failure
DEBUG:root:Result: Sequence: Spread Strategy -> Failure
DEBUG:root:Result: Selector: High Level Ordering of Strategies -> Failure
DEBUG:root:Finish turn

DEBUG:root:Executing:Selector: High Level Ordering of Strategies
DEBUG:root:Executing:Sequence: Cheese Plan
DEBUG:root:Executing:Check: check_cheese
DEBUG:root:Result: Check: check_cheese -> Success
DEBUG:root:Executing:Action: cheese
DEBUG:root:Result: Action: cheese -> Failure
DEBUG:root:Result: Sequence: Cheese Plan -> Failure
DEBUG:root:Executing:Sequence: Enemy Overspreading Strategy
DEBUG:root:Executing:Check: check_enemy_forces
DEBUG:root:Result: Check: check_enemy_forces -> Failure
DEBUG:root:Result: Sequence: Enemy Overspreading Strategy -> Failure
DEBUG:root:Executing:Sequence: Spread Strategy
DEBUG:root:Executing:Check: if_neutral_planet_available
DEBUG:root:Result: Check: if_neutral_planet_available -> Success
DEBUG:root:Executing:Action: spread
DEBUG:root:Result: Action: spread -> Failure
DEBUG:root:Result: Sequence: Spread Strategy -> Failure
DEBUG:root:Result: Selector: High Level Ordering of Strategies -> Failure
DEBUG:root:Finish turn

DEBUG:root:Executing:Selector: High Level Ordering of Strategies
DEBUG:root:Executing:Sequence: Cheese Plan
DEBUG:root:Executing:Check: check_cheese
DEBUG:root:Result: Check: check_cheese -> Success
DEBUG:root:Executing:Action: cheese
DEBUG:root:Result: Action: cheese -> Failure
DEBUG:root:Result: Sequence: Cheese Plan -> Failure
DEBUG:root:Executing:Sequence: Enemy Overspreading Strategy
DEBUG:root:Executing:Check: check_enemy_forces
DEBUG:root:Result: Check: check_enemy_forces -> Failure
DEBUG:root:Result: Sequence: Enemy Overspreading Strategy -> Failure
DEBUG:root:Executing:Sequence: Spread Strategy
DEBUG:root:Executing:Check: if_neutral_planet_available
DEBUG:root:Result: Check: if_neutral_planet_available -> Success
DEBUG:root:Executing:Action: spread
DEBUG:root:Result: Action: spread -> Failure
DEBUG:root:Result: Sequence: Spread Strategy -> Failure
DEBUG:root:Result: Selector: High Level Ordering of Strategies -> Failure
DEBUG:root:Finish turn

DEBUG:root:Executing:Selector: High Level Ordering of Strategies
DEBUG:root:Executing:Sequence: Cheese Plan
DEBUG:root:Executing:Check: check_cheese
DEBUG:root:Result: Check: check_cheese -> Success
DEBUG:root:Executing:Action: cheese
DEBUG:root:Result: Action: cheese -> Failure
DEBUG:root:Result: Sequence: Cheese Plan -> Failure
DEBUG:root:Executing:Sequence: Enemy Overspreading Strategy
DEBUG:root:Executing:Check: check_enemy_forces
DEBUG:root:Result: Check: check_enemy_forces -> Failure
DEBUG:root:Result: Sequence: Enemy Overspreading Strategy -> Failure
DEBUG:root:Executing:Sequence: Spread Strategy
DEBUG:root:Executing:Check: if_neutral_planet_available
DEBUG:root:Result: Check: if_neutral_planet_available -> Success
DEBUG:root:Executing:Action: spread
DEBUG:root:Result: Action: spread -> Failure
DEBUG:root:Result: Sequence: Spread Strategy -> Failure
DEBUG:root:Result: Selector: High Level Ordering of Strategies -> Failure
DEBUG:root:Finish turn

DEBUG:root:Executing:Selector: High Level Ordering of Strategies
DEBUG:root:Executing:Sequence: Cheese Plan
DEBUG:root:Executing:Check: check_cheese
DEBUG:root:Result: Check: check_cheese -> Success
DEBUG:root:Executing:Action: cheese
DEBUG:root:Order:11 2 97.0
DEBUG:root:Result: Action: cheese -> Failure
DEBUG:root:Result: Sequence: Cheese Plan -> Failure
DEBUG:root:Executing:Sequence: Enemy Overspreading Strategy
DEBUG:root:Executing:Check: check_enemy_forces
DEBUG:root:Result: Check: check_enemy_forces -> Failure
DEBUG:root:Result: Sequence: Enemy Overspreading Strategy -> Failure
DEBUG:root:Executing:Sequence: Spread Strategy
DEBUG:root:Executing:Check: if_neutral_planet_available
DEBUG:root:Result: Check: if_neutral_planet_available -> Success
DEBUG:root:Executing:Action: spread
DEBUG:root:Result: Action: spread -> Failure
DEBUG:root:Result: Sequence: Spread Strategy -> Failure
DEBUG:root:Result: Selector: High Level Ordering of Strategies -> Failure
DEBUG:root:Finish turn

DEBUG:root:Executing:Selector: High Level Ordering of Strategies
DEBUG:root:Executing:Sequence: Cheese Plan
DEBUG:root:Executing:Check: check_cheese
DEBUG:root:Result: Check: check_cheese -> Success
DEBUG:root:Executing:Action: cheese
DEBUG:root:Result: Action: cheese -> Failure
DEBUG:root:Result: Sequence: Cheese Plan -> Failure
DEBUG:root:Executing:Sequence: Enemy Overspreading Strategy
DEBUG:root:Executing:Check: check_enemy_forces
DEBUG:root:Result: Check: check_enemy_forces -> Failure
DEBUG:root:Result: Sequence: Enemy Overspreading Strategy -> Failure
DEBUG:root:Executing:Sequence: Spread Strategy
DEBUG:root:Executing:Check: if_neutral_planet_available
DEBUG:root:Result: Check: if_neutral_planet_available -> Success
DEBUG:root:Executing:Action: spread
DEBUG:root:Result: Action: spread -> Failure
DEBUG:root:Result: Sequence: Spread Strategy -> Failure
DEBUG:root:Result: Selector: High Level Ordering of Strategies -> Failure
DEBUG:root:Finish turn

DEBUG:root:Executing:Selector: High Level Ordering of Strategies
DEBUG:root:Executing:Sequence: Cheese Plan
DEBUG:root:Executing:Check: check_cheese
DEBUG:root:Result: Check: check_cheese -> Success
DEBUG:root:Executing:Action: cheese
DEBUG:root:Result: Action: cheese -> Failure
DEBUG:root:Result: Sequence: Cheese Plan -> Failure
DEBUG:root:Executing:Sequence: Enemy Overspreading Strategy
DEBUG:root:Executing:Check: check_enemy_forces
DEBUG:root:Result: Check: check_enemy_forces -> Failure
DEBUG:root:Result: Sequence: Enemy Overspreading Strategy -> Failure
DEBUG:root:Executing:Sequence: Spread Strategy
DEBUG:root:Executing:Check: if_neutral_planet_available
DEBUG:root:Result: Check: if_neutral_planet_available -> Success
DEBUG:root:Executing:Action: spread
DEBUG:root:Result: Action: spread -> Failure
DEBUG:root:Result: Sequence: Spread Strategy -> Failure
DEBUG:root:Result: Selector: High Level Ordering of Strategies -> Failure
DEBUG:root:Finish turn

DEBUG:root:Executing:Selector: High Level Ordering of Strategies
DEBUG:root:Executing:Sequence: Cheese Plan
DEBUG:root:Executing:Check: check_cheese
DEBUG:root:Result: Check: check_cheese -> Success
DEBUG:root:Executing:Action: cheese
DEBUG:root:Result: Action: cheese -> Failure
DEBUG:root:Result: Sequence: Cheese Plan -> Failure
DEBUG:root:Executing:Sequence: Enemy Overspreading Strategy
DEBUG:root:Executing:Check: check_enemy_forces
DEBUG:root:Result: Check: check_enemy_forces -> Failure
DEBUG:root:Result: Sequence: Enemy Overspreading Strategy -> Failure
DEBUG:root:Executing:Sequence: Spread Strategy
DEBUG:root:Executing:Check: if_neutral_planet_available
DEBUG:root:Result: Check: if_neutral_planet_available -> Success
DEBUG:root:Executing:Action: spread
DEBUG:root:Result: Action: spread -> Failure
DEBUG:root:Result: Sequence: Spread Strategy -> Failure
DEBUG:root:Result: Selector: High Level Ordering of Strategies -> Failure
DEBUG:root:Finish turn

DEBUG:root:Executing:Selector: High Level Ordering of Strategies
DEBUG:root:Executing:Sequence: Cheese Plan
DEBUG:root:Executing:Check: check_cheese
DEBUG:root:Result: Check: check_cheese -> Success
DEBUG:root:Executing:Action: cheese
DEBUG:root:Result: Action: cheese -> Failure
DEBUG:root:Result: Sequence: Cheese Plan -> Failure
DEBUG:root:Executing:Sequence: Enemy Overspreading Strategy
DEBUG:root:Executing:Check: check_enemy_forces
DEBUG:root:Result: Check: check_enemy_forces -> Failure
DEBUG:root:Result: Sequence: Enemy Overspreading Strategy -> Failure
DEBUG:root:Executing:Sequence: Spread Strategy
DEBUG:root:Executing:Check: if_neutral_planet_available
DEBUG:root:Result: Check: if_neutral_planet_available -> Success
DEBUG:root:Executing:Action: spread
DEBUG:root:Result: Action: spread -> Failure
DEBUG:root:Result: Sequence: Spread Strategy -> Failure
DEBUG:root:Result: Selector: High Level Ordering of Strategies -> Failure
DEBUG:root:Finish turn

DEBUG:root:Executing:Selector: High Level Ordering of Strategies
DEBUG:root:Executing:Sequence: Cheese Plan
DEBUG:root:Executing:Check: check_cheese
DEBUG:root:Result: Check: check_cheese -> Success
DEBUG:root:Executing:Action: cheese
DEBUG:root:Result: Action: cheese -> Failure
DEBUG:root:Result: Sequence: Cheese Plan -> Failure
DEBUG:root:Executing:Sequence: Enemy Overspreading Strategy
DEBUG:root:Executing:Check: check_enemy_forces
DEBUG:root:Result: Check: check_enemy_forces -> Failure
DEBUG:root:Result: Sequence: Enemy Overspreading Strategy -> Failure
DEBUG:root:Executing:Sequence: Spread Strategy
DEBUG:root:Executing:Check: if_neutral_planet_available
DEBUG:root:Result: Check: if_neutral_planet_available -> Success
DEBUG:root:Executing:Action: spread
DEBUG:root:Result: Action: spread -> Failure
DEBUG:root:Result: Sequence: Spread Strategy -> Failure
DEBUG:root:Result: Selector: High Level Ordering of Strategies -> Failure
DEBUG:root:Finish turn

DEBUG:root:Executing:Selector: High Level Ordering of Strategies
DEBUG:root:Executing:Sequence: Cheese Plan
DEBUG:root:Executing:Check: check_cheese
DEBUG:root:Result: Check: check_cheese -> Success
DEBUG:root:Executing:Action: cheese
DEBUG:root:Result: Action: cheese -> Failure
DEBUG:root:Result: Sequence: Cheese Plan -> Failure
DEBUG:root:Executing:Sequence: Enemy Overspreading Strategy
DEBUG:root:Executing:Check: check_enemy_forces
DEBUG:root:Result: Check: check_enemy_forces -> Failure
DEBUG:root:Result: Sequence: Enemy Overspreading Strategy -> Failure
DEBUG:root:Executing:Sequence: Spread Strategy
DEBUG:root:Executing:Check: if_neutral_planet_available
DEBUG:root:Result: Check: if_neutral_planet_available -> Success
DEBUG:root:Executing:Action: spread
DEBUG:root:Result: Action: spread -> Failure
DEBUG:root:Result: Sequence: Spread Strategy -> Failure
DEBUG:root:Result: Selector: High Level Ordering of Strategies -> Failure
DEBUG:root:Finish turn

DEBUG:root:Executing:Selector: High Level Ordering of Strategies
DEBUG:root:Executing:Sequence: Cheese Plan
DEBUG:root:Executing:Check: check_cheese
DEBUG:root:Result: Check: check_cheese -> Success
DEBUG:root:Executing:Action: cheese
DEBUG:root:Result: Action: cheese -> Failure
DEBUG:root:Result: Sequence: Cheese Plan -> Failure
DEBUG:root:Executing:Sequence: Enemy Overspreading Strategy
DEBUG:root:Executing:Check: check_enemy_forces
DEBUG:root:Result: Check: check_enemy_forces -> Failure
DEBUG:root:Result: Sequence: Enemy Overspreading Strategy -> Failure
DEBUG:root:Executing:Sequence: Spread Strategy
DEBUG:root:Executing:Check: if_neutral_planet_available
DEBUG:root:Result: Check: if_neutral_planet_available -> Success
DEBUG:root:Executing:Action: spread
DEBUG:root:Result: Action: spread -> Failure
DEBUG:root:Result: Sequence: Spread Strategy -> Failure
DEBUG:root:Result: Selector: High Level Ordering of Strategies -> Failure
DEBUG:root:Finish turn

DEBUG:root:Executing:Selector: High Level Ordering of Strategies
DEBUG:root:Executing:Sequence: Cheese Plan
DEBUG:root:Executing:Check: check_cheese
DEBUG:root:Result: Check: check_cheese -> Failure
DEBUG:root:Result: Sequence: Cheese Plan -> Failure
DEBUG:root:Executing:Sequence: Enemy Overspreading Strategy
DEBUG:root:Executing:Check: check_enemy_forces
DEBUG:root:Result: Check: check_enemy_forces -> Failure
DEBUG:root:Result: Sequence: Enemy Overspreading Strategy -> Failure
DEBUG:root:Executing:Sequence: Spread Strategy
DEBUG:root:Executing:Check: if_neutral_planet_available
DEBUG:root:Result: Check: if_neutral_planet_available -> Success
DEBUG:root:Executing:Action: spread
DEBUG:root:Result: Action: spread -> Failure
DEBUG:root:Result: Sequence: Spread Strategy -> Failure
DEBUG:root:Result: Selector: High Level Ordering of Strategies -> Failure
DEBUG:root:Finish turn

DEBUG:root:Executing:Selector: High Level Ordering of Strategies
DEBUG:root:Executing:Sequence: Cheese Plan
DEBUG:root:Executing:Check: check_cheese
DEBUG:root:Result: Check: check_cheese -> Failure
DEBUG:root:Result: Sequence: Cheese Plan -> Failure
DEBUG:root:Executing:Sequence: Enemy Overspreading Strategy
DEBUG:root:Executing:Check: check_enemy_forces
DEBUG:root:Result: Check: check_enemy_forces -> Failure
DEBUG:root:Result: Sequence: Enemy Overspreading Strategy -> Failure
DEBUG:root:Executing:Sequence: Spread Strategy
DEBUG:root:Executing:Check: if_neutral_planet_available
DEBUG:root:Result: Check: if_neutral_planet_available -> Success
DEBUG:root:Executing:Action: spread
DEBUG:root:Result: Action: spread -> Failure
DEBUG:root:Result: Sequence: Spread Strategy -> Failure
DEBUG:root:Result: Selector: High Level Ordering of Strategies -> Failure
DEBUG:root:Finish turn

DEBUG:root:Executing:Selector: High Level Ordering of Strategies
DEBUG:root:Executing:Sequence: Cheese Plan
DEBUG:root:Executing:Check: check_cheese
DEBUG:root:Result: Check: check_cheese -> Failure
DEBUG:root:Result: Sequence: Cheese Plan -> Failure
DEBUG:root:Executing:Sequence: Enemy Overspreading Strategy
DEBUG:root:Executing:Check: check_enemy_forces
DEBUG:root:Result: Check: check_enemy_forces -> Failure
DEBUG:root:Result: Sequence: Enemy Overspreading Strategy -> Failure
DEBUG:root:Executing:Sequence: Spread Strategy
DEBUG:root:Executing:Check: if_neutral_planet_available
DEBUG:root:Result: Check: if_neutral_planet_available -> Success
DEBUG:root:Executing:Action: spread
DEBUG:root:Result: Action: spread -> Failure
DEBUG:root:Result: Sequence: Spread Strategy -> Failure
DEBUG:root:Result: Selector: High Level Ordering of Strategies -> Failure
DEBUG:root:Finish turn

DEBUG:root:Executing:Selector: High Level Ordering of Strategies
DEBUG:root:Executing:Sequence: Cheese Plan
DEBUG:root:Executing:Check: check_cheese
DEBUG:root:Result: Check: check_cheese -> Failure
DEBUG:root:Result: Sequence: Cheese Plan -> Failure
DEBUG:root:Executing:Sequence: Enemy Overspreading Strategy
DEBUG:root:Executing:Check: check_enemy_forces
DEBUG:root:Result: Check: check_enemy_forces -> Failure
DEBUG:root:Result: Sequence: Enemy Overspreading Strategy -> Failure
DEBUG:root:Executing:Sequence: Spread Strategy
DEBUG:root:Executing:Check: if_neutral_planet_available
DEBUG:root:Result: Check: if_neutral_planet_available -> Success
DEBUG:root:Executing:Action: spread
DEBUG:root:Result: Action: spread -> Failure
DEBUG:root:Result: Sequence: Spread Strategy -> Failure
DEBUG:root:Result: Selector: High Level Ordering of Strategies -> Failure
DEBUG:root:Finish turn

DEBUG:root:Executing:Selector: High Level Ordering of Strategies
DEBUG:root:Executing:Sequence: Cheese Plan
DEBUG:root:Executing:Check: check_cheese
DEBUG:root:Result: Check: check_cheese -> Failure
DEBUG:root:Result: Sequence: Cheese Plan -> Failure
DEBUG:root:Executing:Sequence: Enemy Overspreading Strategy
DEBUG:root:Executing:Check: check_enemy_forces
DEBUG:root:Result: Check: check_enemy_forces -> Failure
DEBUG:root:Result: Sequence: Enemy Overspreading Strategy -> Failure
DEBUG:root:Executing:Sequence: Spread Strategy
DEBUG:root:Executing:Check: if_neutral_planet_available
DEBUG:root:Result: Check: if_neutral_planet_available -> Success
DEBUG:root:Executing:Action: spread
DEBUG:root:Result: Action: spread -> Failure
DEBUG:root:Result: Sequence: Spread Strategy -> Failure
DEBUG:root:Result: Selector: High Level Ordering of Strategies -> Failure
DEBUG:root:Finish turn

DEBUG:root:Executing:Selector: High Level Ordering of Strategies
DEBUG:root:Executing:Sequence: Cheese Plan
DEBUG:root:Executing:Check: check_cheese
DEBUG:root:Result: Check: check_cheese -> Failure
DEBUG:root:Result: Sequence: Cheese Plan -> Failure
DEBUG:root:Executing:Sequence: Enemy Overspreading Strategy
DEBUG:root:Executing:Check: check_enemy_forces
DEBUG:root:Result: Check: check_enemy_forces -> Failure
DEBUG:root:Result: Sequence: Enemy Overspreading Strategy -> Failure
DEBUG:root:Executing:Sequence: Spread Strategy
DEBUG:root:Executing:Check: if_neutral_planet_available
DEBUG:root:Result: Check: if_neutral_planet_available -> Success
DEBUG:root:Executing:Action: spread
DEBUG:root:Result: Action: spread -> Failure
DEBUG:root:Result: Sequence: Spread Strategy -> Failure
DEBUG:root:Result: Selector: High Level Ordering of Strategies -> Failure
DEBUG:root:Finish turn

DEBUG:root:Executing:Selector: High Level Ordering of Strategies
DEBUG:root:Executing:Sequence: Cheese Plan
DEBUG:root:Executing:Check: check_cheese
DEBUG:root:Result: Check: check_cheese -> Failure
DEBUG:root:Result: Sequence: Cheese Plan -> Failure
DEBUG:root:Executing:Sequence: Enemy Overspreading Strategy
DEBUG:root:Executing:Check: check_enemy_forces
DEBUG:root:Result: Check: check_enemy_forces -> Failure
DEBUG:root:Result: Sequence: Enemy Overspreading Strategy -> Failure
DEBUG:root:Executing:Sequence: Spread Strategy
DEBUG:root:Executing:Check: if_neutral_planet_available
DEBUG:root:Result: Check: if_neutral_planet_available -> Success
DEBUG:root:Executing:Action: spread
DEBUG:root:Result: Action: spread -> Failure
DEBUG:root:Result: Sequence: Spread Strategy -> Failure
DEBUG:root:Result: Selector: High Level Ordering of Strategies -> Failure
DEBUG:root:Finish turn

DEBUG:root:Executing:Selector: High Level Ordering of Strategies
DEBUG:root:Executing:Sequence: Cheese Plan
DEBUG:root:Executing:Check: check_cheese
DEBUG:root:Result: Check: check_cheese -> Failure
DEBUG:root:Result: Sequence: Cheese Plan -> Failure
DEBUG:root:Executing:Sequence: Enemy Overspreading Strategy
DEBUG:root:Executing:Check: check_enemy_forces
DEBUG:root:Result: Check: check_enemy_forces -> Failure
DEBUG:root:Result: Sequence: Enemy Overspreading Strategy -> Failure
DEBUG:root:Executing:Sequence: Spread Strategy
DEBUG:root:Executing:Check: if_neutral_planet_available
DEBUG:root:Result: Check: if_neutral_planet_available -> Success
DEBUG:root:Executing:Action: spread
DEBUG:root:Result: Action: spread -> Failure
DEBUG:root:Result: Sequence: Spread Strategy -> Failure
DEBUG:root:Result: Selector: High Level Ordering of Strategies -> Failure
DEBUG:root:Finish turn

